<?xml version="1.0" encoding="UTF-8"?>
<testng-results skipped="0" failed="0" ignored="0" total="1" passed="1">
  <reporter-output>
  </reporter-output>
  <suite name="Default suite" duration-ms="13740" started-at="2021-02-09T15:40:52 IST" finished-at="2021-02-09T15:41:06 IST">
    <groups>
    </groups>
    <test name="Default test" duration-ms="13740" started-at="2021-02-09T15:40:52 IST" finished-at="2021-02-09T15:41:06 IST">
      <class name="pkg_POM_Package.LoginTest">
        <test-method status="PASS" signature="Login()[pri:0, instance:pkg_POM_Package.LoginTest@4f063c0a]" name="Login" duration-ms="11702" started-at="2021-02-09T15:40:52 IST" finished-at="2021-02-09T15:41:04 IST">
          <reporter-output>
          </reporter-output>
        </test-method> <!-- Login -->
        <test-method status="PASS" signature="CloseBrowser()[pri:0, instance:pkg_POM_Package.LoginTest@4f063c0a]" name="CloseBrowser" is-config="true" duration-ms="1969" started-at="2021-02-09T15:41:04 IST" finished-at="2021-02-09T15:41:06 IST">
          <reporter-output>
          </reporter-output>
        </test-method> <!-- CloseBrowser -->
      </class> <!-- pkg_POM_Package.LoginTest -->
    </test> <!-- Default test -->
  </suite> <!-- Default suite -->
</testng-results>
